<?xml version="1.0" encoding="UTF-8" ?>
<testsuite failures="7" time="22.162" errors="0" skipped="0" tests="7" name="TestSuite">
  <properties>
[...]
</properties>
  <testcase time="4.498" classname="mx.com.easd.test.integration.BookHotelTest" name="signin">
    <failure message="ERROR: Invalid xpath [2]: //form[@id=&apos;loginForm&apos;]//input[@type=&apos;submit&apos;]" type="com.thoughtworks.selenium.SeleniumException">com.thoughtworks.selenium.SeleniumException: ERROR: Invalid xpath [2]: //form[@id=&apos;loginForm&apos;]//input[@type=&apos;submit&apos;]
	at com.thoughtworks.selenium.HttpCommandProcessor.throwAssertionFailureExceptionOrError(HttpCommandProcessor.java:112)
	at com.thoughtworks.selenium.HttpCommandProcessor.doCommand(HttpCommandProcessor.java:106)
	at org.apache.tapestry5.test.ErrorReportingCommandProcessor.doCommand(ErrorReportingCommandProcessor.java:69)
	at com.thoughtworks.selenium.DefaultSelenium.click(DefaultSelenium.java:193)
	at org.apache.tapestry5.test.SeleniumTestCase.click(SeleniumTestCase.java:488)
	at mx.com.easd.test.integration.BookHotelTest.signin(BookHotelTest.java:21)
</failure>
    <system-out>@HL
@HL-------------------------------------------------------
@HL T E S T S
@HL-------------------------------------------------------
@SLRunning TestSuite
[INFO] util.log Logging to org.slf4j.impl.Log4jLoggerAdapter(org.eclipse.jetty.util.log) via org.eclipse.jetty.util.log.Slf4jLog
[INFO] util.log jetty-7.0.0.v20091005
[INFO] util.log NO JSP Support for , did not find org.apache.jasper.servlet.JspServlet
[INFO] ioc.RegistryBuilder Adding module definition for class org.apache.tapestry5.ioc.services.TapestryIOCModule
[INFO] ioc.RegistryBuilder Adding module definition for class org.apache.tapestry5.json.services.JSONModule
[INFO] ioc.RegistryBuilder Adding module definition for class org.apache.tapestry5.hibernate.HibernateModule
[INFO] ioc.RegistryBuilder Adding module definition for class org.apache.tapestry5.hibernate.HibernateCoreModule
[INFO] ioc.RegistryBuilder Adding module definition for class org.apache.tapestry5.kaptcha.services.KaptchaModule
[INFO] ioc.RegistryBuilder Adding module definition for class org.apache.tapestry5.beanvalidator.BeanValidatorModule
[INFO] ioc.RegistryBuilder Adding module definition for class org.apache.tapestry5.yuicompressor.services.YuiCompressorModule
[INFO] ioc.RegistryBuilder Adding module definition for class org.apache.tapestry5.services.TapestryModule
[INFO] ioc.RegistryBuilder Adding module definition for class org.apache.tapestry5.internal.services.InternalModule
[INFO] ioc.RegistryBuilder Adding module definition for class org.apache.tapestry5.services.assets.AssetsModule
[INFO] ioc.RegistryBuilder Adding module definition for class org.apache.tapestry5.services.pageload.PageLoadModule
[INFO] ioc.RegistryBuilder Adding module definition for class mx.com.easd.services.RhModule
[INFO] ioc.RegistryBuilder Adding module definition for class mx.com.easd.dal.HibernateModule
[INFO] ioc.RegistryBuilder Adding module definition for class mx.com.easd.dal.DataModule
[INFO] TapestryModule.ComponentClassResolver Available pages (14):
              (blank): mx.com.easd.pages.Index
                 Book: mx.com.easd.pages.Book
      ExceptionReport: org.apache.tapestry5.corelib.pages.ExceptionReport
                Index: mx.com.easd.pages.Index
    KaptchaEditBlocks: org.apache.tapestry5.kaptcha.pages.KaptchaEditBlocks
          PageCatalog: org.apache.tapestry5.corelib.pages.PageCatalog
PropertyDisplayBlocks: org.apache.tapestry5.corelib.pages.PropertyDisplayBlocks
   PropertyEditBlocks: org.apache.tapestry5.corelib.pages.PropertyEditBlocks
               Search: mx.com.easd.pages.Search
        ServiceStatus: org.apache.tapestry5.corelib.pages.ServiceStatus
             Settings: mx.com.easd.pages.Settings
               Signin: mx.com.easd.pages.Signin
               Signup: mx.com.easd.pages.Signup
                 View: mx.com.easd.pages.View
 hibernate/Statistics: org.apache.tapestry5.hibernate.pages.Statistics

[INFO] TapestryModule.ComponentClassResolver Available components (62):
               ActionLink: org.apache.tapestry5.corelib.components.ActionLink
               AddRowLink: org.apache.tapestry5.corelib.components.AddRowLink
             AjaxFormLoop: org.apache.tapestry5.corelib.components.AjaxFormLoop
               AjaxLoader: mx.com.easd.components.AjaxLoader
                   Alerts: org.apache.tapestry5.corelib.components.Alerts
                      Any: org.apache.tapestry5.corelib.components.Any
              BeanDisplay: org.apache.tapestry5.corelib.components.BeanDisplay
             BeanEditForm: org.apache.tapestry5.corelib.components.BeanEditForm
               BeanEditor: org.apache.tapestry5.corelib.components.BeanEditor
                 Checkbox: org.apache.tapestry5.corelib.components.Checkbox
                Checklist: org.apache.tapestry5.corelib.components.Checklist
                DateField: org.apache.tapestry5.corelib.components.DateField
                 Delegate: org.apache.tapestry5.corelib.components.Delegate
                  Doctype: org.apache.tapestry5.corelib.components.Doctype
                  Dynamic: org.apache.tapestry5.corelib.components.Dynamic
                    Error: org.apache.tapestry5.corelib.components.Error
                   Errors: org.apache.tapestry5.corelib.components.Errors
                EventLink: org.apache.tapestry5.corelib.components.EventLink
         ExceptionDisplay: org.apache.tapestry5.corelib.components.ExceptionDisplay
                     Form: org.apache.tapestry5.corelib.components.Form
             FormFragment: org.apache.tapestry5.corelib.components.FormFragment
             FormInjector: org.apache.tapestry5.corelib.components.FormInjector
                     Grid: org.apache.tapestry5.corelib.components.Grid
                 GridCell: org.apache.tapestry5.corelib.components.GridCell
              GridColumns: org.apache.tapestry5.corelib.components.GridColumns
                GridPager: org.apache.tapestry5.corelib.components.GridPager
                 GridRows: org.apache.tapestry5.corelib.components.GridRows
                   Hidden: org.apache.tapestry5.corelib.components.Hidden
               HotelClass: mx.com.easd.components.HotelClass
                       If: org.apache.tapestry5.corelib.components.If
             KaptchaField: org.apache.tapestry5.kaptcha.components.KaptchaField
             KaptchaImage: org.apache.tapestry5.kaptcha.components.KaptchaImage
                    Label: org.apache.tapestry5.corelib.components.Label
                   Layout: mx.com.easd.components.Layout
               LinkSubmit: org.apache.tapestry5.corelib.components.LinkSubmit
                     Loop: org.apache.tapestry5.corelib.components.Loop
                   Output: org.apache.tapestry5.corelib.components.Output
                OutputRaw: org.apache.tapestry5.corelib.components.OutputRaw
                 PageLink: org.apache.tapestry5.corelib.components.PageLink
                  Palette: org.apache.tapestry5.corelib.components.Palette
            PasswordField: org.apache.tapestry5.corelib.components.PasswordField
       ProgressiveDisplay: org.apache.tapestry5.corelib.components.ProgressiveDisplay
          PropertyDisplay: org.apache.tapestry5.corelib.components.PropertyDisplay
           PropertyEditor: org.apache.tapestry5.corelib.components.PropertyEditor
                    Radio: org.apache.tapestry5.corelib.components.Radio
               RadioGroup: org.apache.tapestry5.corelib.components.RadioGroup
            RemoveRowLink: org.apache.tapestry5.corelib.components.RemoveRowLink
             RenderObject: org.apache.tapestry5.corelib.components.RenderObject
                   Select: org.apache.tapestry5.corelib.components.Select
                   Submit: org.apache.tapestry5.corelib.components.Submit
           SubmitNotifier: org.apache.tapestry5.corelib.components.SubmitNotifier
                 TextArea: org.apache.tapestry5.corelib.components.TextArea
                TextField: org.apache.tapestry5.corelib.components.TextField
               TextOutput: org.apache.tapestry5.corelib.components.TextOutput
                     Tree: org.apache.tapestry5.corelib.components.Tree
                  Trigger: org.apache.tapestry5.corelib.components.Trigger
                   Unless: org.apache.tapestry5.corelib.components.Unless
                Workspace: mx.com.easd.components.Workspace
             YourBookings: mx.com.easd.components.YourBookings
                     Zone: org.apache.tapestry5.corelib.components.Zone
   security/Authenticated: mx.com.easd.components.security.Authenticated
t5internal/InternalLayout: org.apache.tapestry5.internal.t5internal.components.InternalLayout

[INFO] TapestryModule.ComponentClassResolver Available mixins (11):
      Autocomplete: org.apache.tapestry5.corelib.mixins.Autocomplete
       DiscardBody: org.apache.tapestry5.corelib.mixins.DiscardBody
    FormFieldFocus: org.apache.tapestry5.corelib.mixins.FormFieldFocus
          NotEmpty: org.apache.tapestry5.corelib.mixins.NotEmpty
OverrideFieldFocus: org.apache.tapestry5.corelib.mixins.OverrideFieldFocus
    RenderClientId: org.apache.tapestry5.corelib.mixins.RenderClientId
    RenderDisabled: org.apache.tapestry5.corelib.mixins.RenderDisabled
   RenderInformals: org.apache.tapestry5.corelib.mixins.RenderInformals
RenderNotification: org.apache.tapestry5.corelib.mixins.RenderNotification
   TriggerFragment: org.apache.tapestry5.corelib.mixins.TriggerFragment
       ZoneRefresh: org.apache.tapestry5.corelib.mixins.ZoneRefresh

[DEBUG] HibernateModule.CrudServiceDAO Creating proxy for service CrudServiceDAO
[INFO] dal.DataModule -- Loading initial demo data
[DEBUG] HibernateModule.CrudServiceDAO Invoking method mx.com.easd.dal.HibernateModule.adviseTransactions(HibernateTransactionAdvisor, MethodAdviceReceiver) (at HibernateModule.java:36)
[DEBUG] HibernateModule.CrudServiceDAO Loading class mx.com.easd.dal.HibernateCrudServiceDAO.
[DEBUG] HibernateModule.CrudServiceDAO Marking class mx.com.easd.dal.HibernateCrudServiceDAO to be (re-)loaded
[DEBUG] HibernateModule.CrudServiceDAO BEGIN Analyzing mx.com.easd.dal.HibernateCrudServiceDAO
[DEBUG] HibernateModule.CrudServiceDAO   END Analyzing mx.com.easd.dal.HibernateCrudServiceDAO
[DEBUG] HibernateModule.CrudServiceDAO Invoking constructor public mx.com.easd.dal.HibernateCrudServiceDAO() (for service &apos;CrudServiceDAO&apos;)
[INFO] common.Version Hibernate Commons Annotations 3.2.0.Final
[INFO] cfg.Environment Hibernate 3.6.0.Final
[INFO] cfg.Environment hibernate.properties not found
[INFO] cfg.Environment Bytecode provider name : javassist
[INFO] cfg.Environment using JDK 1.4 java.sql.Timestamp handling
[INFO] cfg.Configuration configuring from resource: /hibernate.cfg.xml
[INFO] cfg.Configuration Configuration resource: /hibernate.cfg.xml
[WARN] util.DTDEntityResolver recognized obsolete hibernate namespace http://hibernate.sourceforge.net/. Use namespace http://www.hibernate.org/dtd/ instead. Refer to Hibernate 3.6 Migration Guide!
[INFO] cfg.Configuration Configured SessionFactory: null
[INFO] cfg.Configuration Mapping package mx.com.easd.entities
[WARN] cfg.AnnotationBinder Package not found or wo package-info.java: mx.com.easd.entities
[INFO] cfg.AnnotationBinder Binding entity from annotated class: mx.com.easd.entities.Booking
[INFO] annotations.QueryBinder Binding Named query: Booking.byUsername =&gt; Select b from Booking b where b.user.username = :username
[INFO] annotations.EntityBinder Bind entity mx.com.easd.entities.Booking on table bookings
[INFO] cfg.AnnotationBinder Binding entity from annotated class: mx.com.easd.entities.Hotel
[INFO] annotations.EntityBinder Bind entity mx.com.easd.entities.Hotel on table hotel
[INFO] cfg.AnnotationBinder Binding entity from annotated class: mx.com.easd.entities.User
[INFO] annotations.QueryBinder Binding Named query: User.all =&gt; Select u from User u
[INFO] annotations.QueryBinder Binding Named query: User.byUserNameOrEmail =&gt; Select u from User u where u.username = :username or u.email = :email
[INFO] annotations.QueryBinder Binding Named query: User.byCredentials =&gt; Select u from User u where u.username = :username and u.password = :password
[INFO] annotations.EntityBinder Bind entity mx.com.easd.entities.User on table users
[INFO] cfg.Configuration Hibernate Validator not found: ignoring
[INFO] util.Version Hibernate Validator 4.0.2.GA
[INFO] resolver.DefaultTraversableResolver Instantiated an instance of org.hibernate.validator.engine.resolver.JPATraversableResolver.
[INFO] resolver.DefaultTraversableResolver Instantiated an instance of org.hibernate.validator.engine.resolver.JPATraversableResolver.
[INFO] search.HibernateSearchEventListenerRegister Unable to find org.hibernate.search.event.FullTextIndexEventListener on the classpath. Hibernate Search is not enabled.
[INFO] connection.DriverManagerConnectionProvider Using Hibernate built-in connection pool (not for production use!)
[INFO] connection.DriverManagerConnectionProvider Hibernate connection pool size: 20
[INFO] connection.DriverManagerConnectionProvider autocommit mode: false
[INFO] connection.DriverManagerConnectionProvider using driver: org.h2.Driver at URL: jdbc:h2:mem:tapestry-hotel-booking
[INFO] connection.DriverManagerConnectionProvider connection properties: {user=sa, password=****}
[INFO] cfg.SettingsFactory Database -&gt;
       name : H2
    version : 1.2.142 (2010-08-31)
      major : 1
      minor : 2
[INFO] cfg.SettingsFactory Driver -&gt;
       name : H2 JDBC Driver
    version : 1.2.142 (2010-08-31)
      major : 1
      minor : 2
[INFO] dialect.Dialect Using dialect: org.hibernate.dialect.H2Dialect
[INFO] jdbc.JdbcSupportLoader Disabling contextual LOB creation as JDBC driver reported JDBC version [3] less than 4
[INFO] transaction.TransactionFactoryFactory Using default transaction strategy (direct JDBC transactions)
[INFO] transaction.TransactionManagerLookupFactory No TransactionManagerLookup configured (in JTA environment, use of read-write or transactional second-level cache is not recommended)
[INFO] cfg.SettingsFactory Automatic flush during beforeCompletion(): disabled
[INFO] cfg.SettingsFactory Automatic session close at end of transaction: disabled
[INFO] cfg.SettingsFactory JDBC batch size: 15
[INFO] cfg.SettingsFactory JDBC batch updates for versioned data: disabled
[INFO] cfg.SettingsFactory Scrollable result sets: enabled
[INFO] cfg.SettingsFactory JDBC3 getGeneratedKeys(): enabled
[INFO] cfg.SettingsFactory Connection release mode: auto
[INFO] cfg.SettingsFactory Default batch fetch size: 1
[INFO] cfg.SettingsFactory Generate SQL with comments: disabled
[INFO] cfg.SettingsFactory Order SQL updates by primary key: disabled
[INFO] cfg.SettingsFactory Order SQL inserts for batching: disabled
[INFO] cfg.SettingsFactory Query translator: org.hibernate.hql.ast.ASTQueryTranslatorFactory
[INFO] ast.ASTQueryTranslatorFactory Using ASTQueryTranslatorFactory
[INFO] cfg.SettingsFactory Query language substitutions: {}
[INFO] cfg.SettingsFactory JPA-QL strict compliance: disabled
[INFO] cfg.SettingsFactory Second-level cache: enabled
[INFO] cfg.SettingsFactory Query cache: disabled
[INFO] cfg.SettingsFactory Cache region factory : org.hibernate.cache.impl.NoCachingRegionFactory
[INFO] cfg.SettingsFactory Optimize cache for minimal puts: disabled
[INFO] cfg.SettingsFactory Structured second-level cache entries: disabled
[INFO] cfg.SettingsFactory Echoing all SQL to stdout
[INFO] cfg.SettingsFactory Statistics: disabled
[INFO] cfg.SettingsFactory Deleted entity synthetic identifier rollback: disabled
[INFO] cfg.SettingsFactory Default entity-mode: pojo
[INFO] cfg.SettingsFactory Named query checking : enabled
[INFO] cfg.SettingsFactory Check Nullability in Core (should be disabled when Bean Validation is on): disabled
[INFO] impl.SessionFactoryImpl building session factory
[INFO] impl.SessionFactoryObjectFactory Not binding factory to JNDI, no JNDI name configured
[INFO] hbm2ddl.SchemaUpdate Running hbm2ddl schema update
[INFO] hbm2ddl.SchemaUpdate fetching database metadata
[INFO] hbm2ddl.SchemaUpdate updating schema
[INFO] resolver.DefaultTraversableResolver Instantiated an instance of org.hibernate.validator.engine.resolver.JPATraversableResolver.
[INFO] hbm2ddl.DatabaseMetadata table not found: bookings
[INFO] hbm2ddl.DatabaseMetadata table not found: hotel
[INFO] hbm2ddl.DatabaseMetadata table not found: users
[INFO] hbm2ddl.DatabaseMetadata table not found: bookings
[INFO] hbm2ddl.DatabaseMetadata table not found: hotel
[INFO] hbm2ddl.DatabaseMetadata table not found: users
[INFO] hbm2ddl.SchemaUpdate schema update complete
[INFO] HibernateCoreModule.HibernateSessionSource Hibernate startup: 380 ms to configure, 1.396 ms overall.
[INFO] HibernateCoreModule.HibernateSessionSource Configured Hibernate entities: mx.com.easd.entities.Booking, mx.com.easd.entities.Hotel, mx.com.easd.entities.User
Hibernate: 
    insert 
    into
        users
        (id, email, fullname, password, username) 
    values
        (null, ?, ?, ?, ?)
Hibernate: 
    select
        user0_.id as id2_0_,
        user0_.email as email2_0_,
        user0_.fullname as fullname2_0_,
        user0_.password as password2_0_,
        user0_.username as username2_0_ 
    from
        users user0_ 
    where
        user0_.id=?
Hibernate: 
    insert 
    into
        users
        (id, email, fullname, password, username) 
    values
        (null, ?, ?, ?, ?)
Hibernate: 
    select
        user0_.id as id2_0_,
        user0_.email as email2_0_,
        user0_.fullname as fullname2_0_,
        user0_.password as password2_0_,
        user0_.username as username2_0_ 
    from
        users user0_ 
    where
        user0_.id=?
Hibernate: 
    insert 
    into
        hotel
        (id, address, city, country, name, price, stars, state, zip) 
    values
        (null, ?, ?, ?, ?, ?, ?, ?, ?)
Hibernate: 
    select
        hotel0_.id as id1_0_,
        hotel0_.address as address1_0_,
        hotel0_.city as city1_0_,
        hotel0_.country as country1_0_,
        hotel0_.name as name1_0_,
        hotel0_.price as price1_0_,
        hotel0_.stars as stars1_0_,
        hotel0_.state as state1_0_,
        hotel0_.zip as zip1_0_ 
    from
        hotel hotel0_ 
    where
        hotel0_.id=?
Hibernate: 
    insert 
    into
        hotel
        (id, address, city, country, name, price, stars, state, zip) 
    values
        (null, ?, ?, ?, ?, ?, ?, ?, ?)
Hibernate: 
    select
        hotel0_.id as id1_0_,
        hotel0_.address as address1_0_,
        hotel0_.city as city1_0_,
        hotel0_.country as country1_0_,
        hotel0_.name as name1_0_,
        hotel0_.price as price1_0_,
        hotel0_.stars as stars1_0_,
        hotel0_.state as state1_0_,
        hotel0_.zip as zip1_0_ 
    from
        hotel hotel0_ 
    where
        hotel0_.id=?
Hibernate: 
    insert 
    into
        hotel
        (id, address, city, country, name, price, stars, state, zip) 
    values
        (null, ?, ?, ?, ?, ?, ?, ?, ?)
Hibernate: 
    select
        hotel0_.id as id1_0_,
        hotel0_.address as address1_0_,
        hotel0_.city as city1_0_,
        hotel0_.country as country1_0_,
        hotel0_.name as name1_0_,
        hotel0_.price as price1_0_,
        hotel0_.stars as stars1_0_,
        hotel0_.state as state1_0_,
        hotel0_.zip as zip1_0_ 
    from
        hotel hotel0_ 
    where
        hotel0_.id=?
Hibernate: 
    insert 
    into
        hotel
        (id, address, city, country, name, price, stars, state, zip) 
    values
        (null, ?, ?, ?, ?, ?, ?, ?, ?)
Hibernate: 
    select
        hotel0_.id as id1_0_,
        hotel0_.address as address1_0_,
        hotel0_.city as city1_0_,
        hotel0_.country as country1_0_,
        hotel0_.name as name1_0_,
        hotel0_.price as price1_0_,
        hotel0_.stars as stars1_0_,
        hotel0_.state as state1_0_,
        hotel0_.zip as zip1_0_ 
    from
        hotel hotel0_ 
    where
        hotel0_.id=?
Hibernate: 
    insert 
    into
        hotel
        (id, address, city, country, name, price, stars, state, zip) 
    values
        (null, ?, ?, ?, ?, ?, ?, ?, ?)
Hibernate: 
    select
        hotel0_.id as id1_0_,
        hotel0_.address as address1_0_,
        hotel0_.city as city1_0_,
        hotel0_.country as country1_0_,
        hotel0_.name as name1_0_,
        hotel0_.price as price1_0_,
        hotel0_.stars as stars1_0_,
        hotel0_.state as state1_0_,
        hotel0_.zip as zip1_0_ 
    from
        hotel hotel0_ 
    where
        hotel0_.id=?
Hibernate: 
    insert 
    into
        hotel
        (id, address, city, country, name, price, stars, state, zip) 
    values
        (null, ?, ?, ?, ?, ?, ?, ?, ?)
Hibernate: 
    select
        hotel0_.id as id1_0_,
        hotel0_.address as address1_0_,
        hotel0_.city as city1_0_,
        hotel0_.country as country1_0_,
        hotel0_.name as name1_0_,
        hotel0_.price as price1_0_,
        hotel0_.stars as stars1_0_,
        hotel0_.state as state1_0_,
        hotel0_.zip as zip1_0_ 
    from
        hotel hotel0_ 
    where
        hotel0_.id=?
Hibernate: 
    insert 
    into
        hotel
        (id, address, city, country, name, price, stars, state, zip) 
    values
        (null, ?, ?, ?, ?, ?, ?, ?, ?)
Hibernate: 
    select
        hotel0_.id as id1_0_,
        hotel0_.address as address1_0_,
        hotel0_.city as city1_0_,
        hotel0_.country as country1_0_,
        hotel0_.name as name1_0_,
        hotel0_.price as price1_0_,
        hotel0_.stars as stars1_0_,
        hotel0_.state as state1_0_,
        hotel0_.zip as zip1_0_ 
    from
        hotel hotel0_ 
    where
        hotel0_.id=?
Hibernate: 
    insert 
    into
        hotel
        (id, address, city, country, name, price, stars, state, zip) 
    values
        (null, ?, ?, ?, ?, ?, ?, ?, ?)
Hibernate: 
    select
        hotel0_.id as id1_0_,
        hotel0_.address as address1_0_,
        hotel0_.city as city1_0_,
        hotel0_.country as country1_0_,
        hotel0_.name as name1_0_,
        hotel0_.price as price1_0_,
        hotel0_.stars as stars1_0_,
        hotel0_.state as state1_0_,
        hotel0_.zip as zip1_0_ 
    from
        hotel hotel0_ 
    where
        hotel0_.id=?
Hibernate: 
    insert 
    into
        hotel
        (id, address, city, country, name, price, stars, state, zip) 
    values
        (null, ?, ?, ?, ?, ?, ?, ?, ?)
Hibernate: 
    select
        hotel0_.id as id1_0_,
        hotel0_.address as address1_0_,
        hotel0_.city as city1_0_,
        hotel0_.country as country1_0_,
        hotel0_.name as name1_0_,
        hotel0_.price as price1_0_,
        hotel0_.stars as stars1_0_,
        hotel0_.state as state1_0_,
        hotel0_.zip as zip1_0_ 
    from
        hotel hotel0_ 
    where
        hotel0_.id=?
Hibernate: 
    insert 
    into
        hotel
        (id, address, city, country, name, price, stars, state, zip) 
    values
        (null, ?, ?, ?, ?, ?, ?, ?, ?)
Hibernate: 
    select
        hotel0_.id as id1_0_,
        hotel0_.address as address1_0_,
        hotel0_.city as city1_0_,
        hotel0_.country as country1_0_,
        hotel0_.name as name1_0_,
        hotel0_.price as price1_0_,
        hotel0_.stars as stars1_0_,
        hotel0_.state as state1_0_,
        hotel0_.zip as zip1_0_ 
    from
        hotel hotel0_ 
    where
        hotel0_.id=?
Hibernate: 
    insert 
    into
        hotel
        (id, address, city, country, name, price, stars, state, zip) 
    values
        (null, ?, ?, ?, ?, ?, ?, ?, ?)
Hibernate: 
    select
        hotel0_.id as id1_0_,
        hotel0_.address as address1_0_,
        hotel0_.city as city1_0_,
        hotel0_.country as country1_0_,
        hotel0_.name as name1_0_,
        hotel0_.price as price1_0_,
        hotel0_.stars as stars1_0_,
        hotel0_.state as state1_0_,
        hotel0_.zip as zip1_0_ 
    from
        hotel hotel0_ 
    where
        hotel0_.id=?
Hibernate: 
    insert 
    into
        hotel
        (id, address, city, country, name, price, stars, state, zip) 
    values
        (null, ?, ?, ?, ?, ?, ?, ?, ?)
Hibernate: 
    select
        hotel0_.id as id1_0_,
        hotel0_.address as address1_0_,
        hotel0_.city as city1_0_,
        hotel0_.country as country1_0_,
        hotel0_.name as name1_0_,
        hotel0_.price as price1_0_,
        hotel0_.stars as stars1_0_,
        hotel0_.state as state1_0_,
        hotel0_.zip as zip1_0_ 
    from
        hotel hotel0_ 
    where
        hotel0_.id=?
Hibernate: 
    insert 
    into
        hotel
        (id, address, city, country, name, price, stars, state, zip) 
    values
        (null, ?, ?, ?, ?, ?, ?, ?, ?)
Hibernate: 
    select
        hotel0_.id as id1_0_,
        hotel0_.address as address1_0_,
        hotel0_.city as city1_0_,
        hotel0_.country as country1_0_,
        hotel0_.name as name1_0_,
        hotel0_.price as price1_0_,
        hotel0_.stars as stars1_0_,
        hotel0_.state as state1_0_,
        hotel0_.zip as zip1_0_ 
    from
        hotel hotel0_ 
    where
        hotel0_.id=?
Hibernate: 
    insert 
    into
        hotel
        (id, address, city, country, name, price, stars, state, zip) 
    values
        (null, ?, ?, ?, ?, ?, ?, ?, ?)
Hibernate: 
    select
        hotel0_.id as id1_0_,
        hotel0_.address as address1_0_,
        hotel0_.city as city1_0_,
        hotel0_.country as country1_0_,
        hotel0_.name as name1_0_,
        hotel0_.price as price1_0_,
        hotel0_.stars as stars1_0_,
        hotel0_.state as state1_0_,
        hotel0_.zip as zip1_0_ 
    from
        hotel hotel0_ 
    where
        hotel0_.id=?
Hibernate: 
    insert 
    into
        hotel
        (id, address, city, country, name, price, stars, state, zip) 
    values
        (null, ?, ?, ?, ?, ?, ?, ?, ?)
Hibernate: 
    select
        hotel0_.id as id1_0_,
        hotel0_.address as address1_0_,
        hotel0_.city as city1_0_,
        hotel0_.country as country1_0_,
        hotel0_.name as name1_0_,
        hotel0_.price as price1_0_,
        hotel0_.stars as stars1_0_,
        hotel0_.state as state1_0_,
        hotel0_.zip as zip1_0_ 
    from
        hotel hotel0_ 
    where
        hotel0_.id=?
Hibernate: 
    insert 
    into
        hotel
        (id, address, city, country, name, price, stars, state, zip) 
    values
        (null, ?, ?, ?, ?, ?, ?, ?, ?)
Hibernate: 
    select
        hotel0_.id as id1_0_,
        hotel0_.address as address1_0_,
        hotel0_.city as city1_0_,
        hotel0_.country as country1_0_,
        hotel0_.name as name1_0_,
        hotel0_.price as price1_0_,
        hotel0_.stars as stars1_0_,
        hotel0_.state as state1_0_,
        hotel0_.zip as zip1_0_ 
    from
        hotel hotel0_ 
    where
        hotel0_.id=?
Hibernate: 
    insert 
    into
        hotel
        (id, address, city, country, name, price, stars, state, zip) 
    values
        (null, ?, ?, ?, ?, ?, ?, ?, ?)
Hibernate: 
    select
        hotel0_.id as id1_0_,
        hotel0_.address as address1_0_,
        hotel0_.city as city1_0_,
        hotel0_.country as country1_0_,
        hotel0_.name as name1_0_,
        hotel0_.price as price1_0_,
        hotel0_.stars as stars1_0_,
        hotel0_.state as state1_0_,
        hotel0_.zip as zip1_0_ 
    from
        hotel hotel0_ 
    where
        hotel0_.id=?
Hibernate: 
    insert 
    into
        hotel
        (id, address, city, country, name, price, stars, state, zip) 
    values
        (null, ?, ?, ?, ?, ?, ?, ?, ?)
Hibernate: 
    select
        hotel0_.id as id1_0_,
        hotel0_.address as address1_0_,
        hotel0_.city as city1_0_,
        hotel0_.country as country1_0_,
        hotel0_.name as name1_0_,
        hotel0_.price as price1_0_,
        hotel0_.stars as stars1_0_,
        hotel0_.state as state1_0_,
        hotel0_.zip as zip1_0_ 
    from
        hotel hotel0_ 
    where
        hotel0_.id=?
Hibernate: 
    insert 
    into
        hotel
        (id, address, city, country, name, price, stars, state, zip) 
    values
        (null, ?, ?, ?, ?, ?, ?, ?, ?)
Hibernate: 
    select
        hotel0_.id as id1_0_,
        hotel0_.address as address1_0_,
        hotel0_.city as city1_0_,
        hotel0_.country as country1_0_,
        hotel0_.name as name1_0_,
        hotel0_.price as price1_0_,
        hotel0_.stars as stars1_0_,
        hotel0_.state as state1_0_,
        hotel0_.zip as zip1_0_ 
    from
        hotel hotel0_ 
    where
        hotel0_.id=?
Hibernate: 
    insert 
    into
        hotel
        (id, address, city, country, name, price, stars, state, zip) 
    values
        (null, ?, ?, ?, ?, ?, ?, ?, ?)
Hibernate: 
    select
        hotel0_.id as id1_0_,
        hotel0_.address as address1_0_,
        hotel0_.city as city1_0_,
        hotel0_.country as country1_0_,
        hotel0_.name as name1_0_,
        hotel0_.price as price1_0_,
        hotel0_.stars as stars1_0_,
        hotel0_.state as state1_0_,
        hotel0_.zip as zip1_0_ 
    from
        hotel hotel0_ 
    where
        hotel0_.id=?
Hibernate: 
    insert 
    into
        hotel
        (id, address, city, country, name, price, stars, state, zip) 
    values
        (null, ?, ?, ?, ?, ?, ?, ?, ?)
Hibernate: 
    select
        hotel0_.id as id1_0_,
        hotel0_.address as address1_0_,
        hotel0_.city as city1_0_,
        hotel0_.country as country1_0_,
        hotel0_.name as name1_0_,
        hotel0_.price as price1_0_,
        hotel0_.stars as stars1_0_,
        hotel0_.state as state1_0_,
        hotel0_.zip as zip1_0_ 
    from
        hotel hotel0_ 
    where
        hotel0_.id=?
Hibernate: 
    insert 
    into
        hotel
        (id, address, city, country, name, price, stars, state, zip) 
    values
        (null, ?, ?, ?, ?, ?, ?, ?, ?)
Hibernate: 
    select
        hotel0_.id as id1_0_,
        hotel0_.address as address1_0_,
        hotel0_.city as city1_0_,
        hotel0_.country as country1_0_,
        hotel0_.name as name1_0_,
        hotel0_.price as price1_0_,
        hotel0_.stars as stars1_0_,
        hotel0_.state as state1_0_,
        hotel0_.zip as zip1_0_ 
    from
        hotel hotel0_ 
    where
        hotel0_.id=?
Hibernate: 
    insert 
    into
        hotel
        (id, address, city, country, name, price, stars, state, zip) 
    values
        (null, ?, ?, ?, ?, ?, ?, ?, ?)
Hibernate: 
    select
        hotel0_.id as id1_0_,
        hotel0_.address as address1_0_,
        hotel0_.city as city1_0_,
        hotel0_.country as country1_0_,
        hotel0_.name as name1_0_,
        hotel0_.price as price1_0_,
        hotel0_.stars as stars1_0_,
        hotel0_.state as state1_0_,
        hotel0_.zip as zip1_0_ 
    from
        hotel hotel0_ 
    where
        hotel0_.id=?
Hibernate: 
    insert 
    into
        hotel
        (id, address, city, country, name, price, stars, state, zip) 
    values
        (null, ?, ?, ?, ?, ?, ?, ?, ?)
Hibernate: 
    select
        hotel0_.id as id1_0_,
        hotel0_.address as address1_0_,
        hotel0_.city as city1_0_,
        hotel0_.country as country1_0_,
        hotel0_.name as name1_0_,
        hotel0_.price as price1_0_,
        hotel0_.stars as stars1_0_,
        hotel0_.state as state1_0_,
        hotel0_.zip as zip1_0_ 
    from
        hotel hotel0_ 
    where
        hotel0_.id=?
Hibernate: 
    select
        user0_.id as id2_,
        user0_.email as email2_,
        user0_.fullname as fullname2_,
        user0_.password as password2_,
        user0_.username as username2_ 
    from
        users user0_
[INFO] dal.DataModule Users [id 1,username cordenier, id 2,username karesti]
[INFO] dal.DataModule -- Data Loaded. Exit
[INFO] tapestry5.TapestryFilter Startup status:

Services:

             ActionRenderResponseGenerator: DEFINED
          AjaxComponentEventRequestHandler: DEFINED
         AjaxComponentEventResultProcessor: DEFINED
                  AjaxFormUpdateController: DEFINED
               AjaxPartialResponseRenderer: DEFINED
                      AjaxResponseRenderer: DEFINED
                              AlertManager: DEFINED
                       ApplicationDefaults: REAL
                        ApplicationGlobals: REAL
                    ApplicationInitializer: REAL
                   ApplicationStateManager: DEFINED
 ApplicationStatePersistenceStrategySource: DEFINED
                           AspectDecorator: REAL
                       AssetBindingFactory: DEFINED
                           AssetDispatcher: DEFINED
                       AssetObjectProvider: REAL
                      AssetPathConstructor: DEFINED
                        AssetPathConverter: DEFINED
                      AssetResourceLocator: DEFINED
                               AssetSource: VIRTUAL
                             Authenticator: DEFINED
                             BaseURLSource: DEFINED
                   BeanBlockOverrideSource: DEFINED
                           BeanBlockSource: DEFINED
           BeanFieldValidatorDefaultSource: VIRTUAL
                           BeanModelSource: DEFINED
                             BeanValidator: DEFINED
                  BeanValidatorGroupSource: DEFINED
                       BeanValidatorSource: DEFINED
                             BindingSource: DEFINED
                              ChainBuilder: VIRTUAL
                              ClassFactory: BUILTIN
                          ClassNameLocator: REAL
                ClasspathAssetAliasManager: DEFINED
                     ClasspathAssetFactory: DEFINED
                     ClasspathURLConverter: REAL
                     ClientBehaviorSupport: DEFINED
          ClientConstraintDescriptorSource: DEFINED
                         ClientDataEncoder: DEFINED
              ClientPersistentFieldStorage: DEFINED
             ClientPersistentFieldStrategy: DEFINED
                           ClientWhitelist: DEFINED
                       ComponentClassCache: VIRTUAL
                     ComponentClassFactory: DEFINED
                    ComponentClassResolver: REAL
             ComponentClassTransformWorker: DEFINED
      ComponentClassesInvalidationEventHub: REAL
                  ComponentDefaultProvider: DEFINED
                 ComponentEventLinkEncoder: DEFINED
             ComponentEventLinkTransformer: DEFINED
              ComponentEventRequestHandler: DEFINED
             ComponentEventResultProcessor: DEFINED
          ComponentInstanceResultProcessor: DEFINED
               ComponentInstantiatorSource: DEFINED
     ComponentMessagesInvalidationEventHub: DEFINED
                   ComponentMessagesSource: DEFINED
                      ComponentModelSource: DEFINED
       ComponentPageElementResourcesSource: DEFINED
                     ComponentProxyFactory: DEFINED
                   ComponentRequestHandler: DEFINED
          ComponentRequestSelectorAnalyzer: DEFINED
                  ComponentResourceLocator: DEFINED
                           ComponentSource: DEFINED
                  ComponentTemplateLocator: DEFINED
                   ComponentTemplateSource: DEFINED
    ComponentTemplatesInvalidationEventHub: DEFINED
                       CompressionAnalyzer: DEFINED
                       ContentTypeAnalyzer: DEFINED
                                   Context: DEFINED
                       ContextAssetFactory: DEFINED
                     ContextBindingFactory: DEFINED
                        ContextPathEncoder: DEFINED
                       ContextValueEncoder: DEFINED
                                CookieSink: DEFINED
                              CookieSource: DEFINED
                                   Cookies: DEFINED
                            CrudServiceDAO: REAL
                          DataTypeAnalyzer: DEFINED
                   DefaultDataTypeAnalyzer: DEFINED
                DefaultHibernateConfigurer: REAL
              DefaultImplementationBuilder: VIRTUAL
                         DeferredExecution: DEFINED
                     DynamicTemplateParser: VIRTUAL
                      EndOfRequestEventHub: REAL
                               Environment: DEFINED
                EnvironmentalShadowBuilder: VIRTUAL
                         ExceptionAnalyzer: DEFINED
                          ExceptionTracker: DEFINED
                           FactoryDefaults: REAL
                     FieldTranslatorSource: DEFINED
                    FieldValidationSupport: DEFINED
               FieldValidatorDefaultSource: DEFINED
                      FieldValidatorSource: DEFINED
                               FormSupport: DEFINED
                                 Heartbeat: DEFINED
             HibernateEntityPackageManager: REAL
                   HibernateSessionManager: DEFINED
                    HibernateSessionSource: REAL
               HibernateTransactionAdvisor: REAL
             HibernateTransactionDecorator: DEFINED
                  HiddenFieldLocationRules: DEFINED
                        HttpServletRequest: DEFINED
                 HttpServletRequestHandler: VIRTUAL
                       HttpServletResponse: DEFINED
                        IgnoredPathsFilter: DEFINED
                         InjectionProvider: DEFINED
     InternalComponentInvalidationEventHub: REAL
                    InternalRequestGlobals: DEFINED
            JavaScriptStackPathConstructor: DEFINED
                     JavaScriptStackSource: DEFINED
                         JavaScriptSupport: DEFINED
                           KaptchaProducer: DEFINED
                               LazyAdvisor: DEFINED
                           LinkCreationHub: DEFINED
                                LinkSource: DEFINED
                           LinkTransformer: DEFINED
                        LocalizationSetter: DEFINED
                          LocationRenderer: DEFINED
                              LoggerSource: BUILTIN
                            LoggingAdvisor: DEFINED
                          LoggingDecorator: DEFINED
                            MarkupRenderer: DEFINED
                       MarkupWriterFactory: DEFINED
                          MasterDispatcher: DEFINED
                      MasterObjectProvider: REAL
           MasterStackTraceElementAnalyzer: DEFINED
                     MessageBindingFactory: DEFINED
                           MetaDataLocator: DEFINED
                                MetaWorker: DEFINED
           NullFieldStrategyBindingFactory: DEFINED
                   NullFieldStrategySource: DEFINED
                  NumericTranslatorSupport: DEFINED
                            ObjectRenderer: DEFINED
            PageActivationContextCollector: DEFINED
                             PageActivator: DEFINED
                   PageContentTypeAnalyzer: DEFINED
                     PageDocumentGenerator: DEFINED
                        PageElementFactory: DEFINED
                                PageLoader: DEFINED
                        PageMarkupRenderer: DEFINED
                      PageRenderLinkSource: DEFINED
                 PageRenderLinkTransformer: DEFINED
                           PageRenderQueue: DEFINED
                  PageRenderRequestHandler: DEFINED
                      PageResponseRenderer: DEFINED
                                PageSource: DEFINED
                     PartialMarkupRenderer: DEFINED
                          PeriodicExecutor: DEFINED
                    PersistentFieldManager: DEFINED
                          PersistentLocale: DEFINED
                          PerthreadManager: BUILTIN
                           PipelineBuilder: REAL
                       PlasticProxyFactory: BUILTIN
                        PropBindingFactory: DEFINED
                      PropertiesFileParser: DEFINED
                            PropertyAccess: REAL
                     PropertyConduitSource: DEFINED
                     PropertyShadowBuilder: REAL
                       RegistryShutdownHub: BUILTIN
                           RegistryStartup: REAL
                             RenderSupport: DEFINED
                                   Request: VIRTUAL
                   RequestExceptionHandler: DEFINED
                            RequestGlobals: DEFINED
                            RequestHandler: DEFINED
                          RequestPageCache: DEFINED
                    RequestSecurityManager: DEFINED
                     ResourceChangeTracker: DEFINED
                   ResourceDigestGenerator: DEFINED
                     ResourceDigestManager: DEFINED
                         ResourceMinimizer: DEFINED
                          ResourceStreamer: DEFINED
                                  Response: VIRTUAL
               ResponseCompressionAnalyzer: DEFINED
                          ResponseRenderer: DEFINED
                        SelectModelFactory: DEFINED
                 ServiceActivityScoreboard: BUILTIN
                    ServiceLifecycleSource: REAL
                           ServiceOverride: REAL
             ServletApplicationInitializer: REAL
                                   Session: REAL
SessionApplicationStatePersistenceStrategy: DEFINED
            SessionPersistedObjectAnalyzer: DEFINED
                           StrategyBuilder: VIRTUAL
                  StreamableResourceSource: DEFINED
                            StringInterner: DEFINED
                      SymbolBindingFactory: DEFINED
                              SymbolSource: REAL
                    TapestrySessionFactory: DEFINED
                            TemplateParser: DEFINED
                              ThreadLocale: DEFINED
                              ThunkCreator: DEFINED
                   TranslateBindingFactory: DEFINED
                TranslatorAlternatesSource: DEFINED
                          TranslatorSource: DEFINED
                               TypeCoercer: REAL
                                URLEncoder: DEFINED
                         UpdateListenerHub: REAL
                    ValidateBindingFactory: DEFINED
             ValidationConstraintGenerator: DEFINED
                ValidationDecoratorFactory: DEFINED
                          ValidatorFactory: DEFINED
                            ValidatorMacro: DEFINED
                        ValueEncoderSource: DEFINED

82.84% unrealized services (169/204)

Application &apos;rh&apos; (version 1.2-SNAPSHOT) startup time: 441 ms to build IoC Registry, 3,233 ms overall.

 ______                  __             ____
/_  __/__ ____  ___ ___ / /_______ __  / __/
 / / / _ `/ _ \/ -_|_-&lt;/ __/ __/ // / /__ \ 
/_/  \_,_/ .__/\__/___/\__/_/  \_, / /____/
        /_/                   /___/  5.3.7


[INFO] util.log Started SelectChannelConnector@0.0.0.0:9090
[INFO] server.SeleniumServer Java: Oracle Corporation 23.25-b01
[INFO] server.SeleniumServer OS: Mac OS X 10.8.5 x86_64
[INFO] server.SeleniumServer v2.26.0, with Core v2.26.0. Built from revision 18040
[INFO] server.SeleniumServer RemoteWebDriver instances should connect to: http://127.0.0.1:4444/wd/hub
[INFO] http.HttpServer Version Jetty/5.1.x
[INFO] util.Container Started HttpContext[/selenium-server/driver,/selenium-server/driver]
[INFO] util.Container Started HttpContext[/selenium-server,/selenium-server]
[INFO] util.Container Started HttpContext[/,/]
[INFO] util.Container Started org.openqa.jetty.jetty.servlet.ServletHandler@6538e583
[INFO] util.Container Started HttpContext[/wd,/wd]
[INFO] http.SocketListener Started SocketListener on 0.0.0.0:4444
[INFO] util.Container Started org.openqa.jetty.jetty.Server@23ca4f4f
[INFO] util.Credential Checking Resource aliases
16:55:09.336 INFO - Command request: getNewBrowserSession[*firefox, http://localhost:9090/, ] on session null
16:55:09.339 INFO - creating new remote session
16:55:09.351 INFO - Allocated session 2ac5307ef388407eb56b2fb05f72d313 for http://localhost:9090/, launching...
jar:file:/Users/eochoa/.m2/repository/org/seleniumhq/selenium/selenium-server/2.26.0/selenium-server-2.26.0.jar!/customProfileDirCUSTFFCHROME
16:55:09.403 INFO - Preparing Firefox profile...
16:55:10.467 INFO - Launching Firefox...
16:55:12.901 INFO - Got result: OK,2ac5307ef388407eb56b2fb05f72d313 on session 2ac5307ef388407eb56b2fb05f72d313
16:55:12.919 INFO - Command request: setContext[BookHotelTest: signin, ] on session 2ac5307ef388407eb56b2fb05f72d313
16:55:12.932 INFO - Got result: OK on session 2ac5307ef388407eb56b2fb05f72d313
16:55:12.935 INFO - Command request: open[/signin, ] on session 2ac5307ef388407eb56b2fb05f72d313
[DEBUG] RhModule.Authenticator Creating proxy for service Authenticator
[DEBUG] security.AuthenticationFilter Loading class mx.com.easd.security.AuthenticationFilter.
[DEBUG] security.AuthenticationFilter Marking class mx.com.easd.security.AuthenticationFilter to be (re-)loaded
[DEBUG] security.AuthenticationFilter BEGIN Analyzing mx.com.easd.security.AuthenticationFilter
[DEBUG] security.AuthenticationFilter   END Analyzing mx.com.easd.security.AuthenticationFilter
[DEBUG] RhModule.Authenticator Loading class mx.com.easd.services.BasicAuthenticator.
[DEBUG] RhModule.Authenticator Marking class mx.com.easd.services.BasicAuthenticator to be (re-)loaded
[DEBUG] RhModule.Authenticator BEGIN Analyzing mx.com.easd.services.BasicAuthenticator
[DEBUG] RhModule.Authenticator   END Analyzing mx.com.easd.services.BasicAuthenticator
[DEBUG] RhModule.Authenticator Invoking constructor public mx.com.easd.services.BasicAuthenticator() (for service &apos;Authenticator&apos;)
[ERROR] TapestryModule.ClientDataEncoder The symbol &apos;tapestry.hmac-passphrase&apos; has not been configured. This is used to configure hash-based message authentication of Tapestry data stored in forms, or in the URL. You application is less secure, and more vulnerable to denial-of-service attacks, when this symbol is not configured.
[INFO] AssetsModule.ResourceMinimizer Minimized classpath:org/apache/tapestry5/tapestry-console.css (851 input bytes of CSS to 622 output bytes in 78.43 ms, 26.91% reduction)
[INFO] AssetsModule.ResourceMinimizer Minimized classpath:org/apache/tapestry5/t5-alerts.css (1,575 input bytes of CSS to 1,237 output bytes in 127.48 ms, 21.46% reduction)
[INFO] AssetsModule.ResourceMinimizer Minimized classpath:org/apache/tapestry5/tree.css (1,674 input bytes of CSS to 1,245 output bytes in 111.54 ms, 25.63% reduction)
[INFO] AssetsModule.ResourceMinimizer Minimized context:static/style.css (7,018 input bytes of CSS to 5,610 output bytes in 228.69 ms, 20.06% reduction)
[INFO] AssetsModule.ResourceMinimizer Minimized context:static/reset.css (1,019 input bytes of CSS to 629 output bytes in 19.14 ms, 38.27% reduction)
[INFO] AssetsModule.ResourceMinimizer Minimized classpath:org/apache/tapestry5/default.css (9,106 input bytes of CSS to 6,987 output bytes in 270.96 ms, 23.27% reduction)
[INFO] AssetsModule.ResourceMinimizer Minimized context:static/hotel-booking.js (606 input bytes of JavaScript to 340 output bytes in 407.90 ms, 43.89% reduction)
[INFO] AssetsModule.ResourceMinimizer Minimized classpath:org/apache/tapestry5/beanvalidator/tapestry-beanvalidator.js (1,795 input bytes of JavaScript to 705 output bytes in 442.34 ms, 60.72% reduction)
[ERROR] AssetsModule.ResourceMinimizer JavaScript compression problems for resource &apos;core&apos; JavaScript stack, for locale en, resources=classpath:org/apache/tapestry5/underscore_1_3_3.js, classpath:org/apache/tapestry5/scriptaculous_1_9_0/prototype.js, classpath:org/apache/tapestry5/scriptaculous_1_9_0/scriptaculous.js, classpath:org/apache/tapestry5/scriptaculous_1_9_0/effects.js, classpath:org/apache/tapestry5/t5-core.js, classpath:org/apache/tapestry5/t5-spi.js, classpath:org/apache/tapestry5/t5-prototype.js, classpath:org/apache/tapestry5/t5-init.js, classpath:org/apache/tapestry5/t5-pubsub.js, classpath:org/apache/tapestry5/t5-events.js, classpath:org/apache/tapestry5/t5-dom.js, classpath:org/apache/tapestry5/t5-console.js, classpath:org/apache/tapestry5/t5-ajax.js, classpath:org/apache/tapestry5/t5-formfragment.js, classpath:org/apache/tapestry5/t5-alerts.js, classpath:org/apache/tapestry5/tapestry.js, classpath:org/apache/tapestry5/tapestry-console.js, classpath:org/apache/tapestry5/tree.js, classpath:org/apache/tapestry5/tapestry-messages.js:
[WARN] AssetsModule.ResourceMinimizer The symbol bind is declared but is apparently never used.
This code can probably be written in a more compact way.
){};_.bind=function ---&gt; bind &lt;--- (func,context){var bound,args
[WARN] AssetsModule.ResourceMinimizer The symbol maximumLength is declared but is apparently never used.
This code can probably be written in a more compact way.
expression,index);}else{var  ---&gt; maximumLength &lt;--- =Object.isNumber(index)?index+
[WARN] AssetsModule.ResourceMinimizer The symbol match is declared but is apparently never used.
This code can probably be written in a more compact way.
);var elementStyle=element.style, ---&gt; match &lt;--- ;if(Object.isString(styles))
[WARN] AssetsModule.ResourceMinimizer The symbol position is declared but is apparently never used.
This code can probably be written in a more compact way.
value);var whole=null;var  ---&gt; position &lt;--- =element.getStyle(&quot;position&quot;);var isHorizontal
[WARN] AssetsModule.ResourceMinimizer The symbol toCSSPixels is declared but is apparently never used.
This code can probably be written in a more compact way.
*decimal;}return0;}function ---&gt; toCSSPixels &lt;--- (number){if(Object.isString(
[WARN] AssetsModule.ResourceMinimizer The symbol originalElement is declared but is apparently never used.
This code can probably be written in a more compact way.
;}functionisDisplayed(element){var  ---&gt; originalElement &lt;--- =element;while(element&amp;&amp;element.parentNode
[WARN] AssetsModule.ResourceMinimizer The symbol check is declared but is apparently never used.
This code can probably be written in a more compact way.
[],m,set,checkSet, ---&gt; check &lt;--- ,mode,extra,prune=true,contextXML
[WARN] AssetsModule.ResourceMinimizer The symbol mode is declared but is apparently never used.
This code can probably be written in a more compact way.
,m,set,checkSet,check, ---&gt; mode &lt;--- ,extra,prune=true,contextXML=isXML
[WARN] AssetsModule.ResourceMinimizer The symbol $ is declared but is apparently never used.
This code can probably be written in a more compact way.
{var _=T5._;var  ---&gt; $ &lt;--- =T5.$;var spi=T5.
[WARN] AssetsModule.ResourceMinimizer The symbol spi is declared but is apparently never used.
This code can probably be written in a more compact way.
;var $=T5.$;var  ---&gt; spi &lt;--- =T5.spi;var exceptionContainer,iframe,
[WARN] AssetsModule.ResourceMinimizer The symbol form is declared but is apparently never used.
This code can probably be written in a more compact way.
(spec.element+&quot;-hidden&quot;);var  ---&gt; form &lt;--- =$(hidden.form);var opts
[WARN] AssetsModule.ResourceMinimizer The symbol trace is declared but is apparently never used.
This code can probably be written in a more compact way.
.ajaxFailure+exception,response);var  ---&gt; trace &lt;--- =exception.stack||exception.stacktrace;if
[INFO] AssetsModule.ResourceMinimizer Minimized &apos;core&apos; JavaScript stack, for locale en, resources=classpath:org/apache/tapestry5/underscore_1_3_3.js, classpath:org/apache/tapestry5/scriptaculous_1_9_0/prototype.js, classpath:org/apache/tapestry5/scriptaculous_1_9_0/scriptaculous.js, classpath:org/apache/tapestry5/scriptaculous_1_9_0/effects.js, classpath:org/apache/tapestry5/t5-core.js, classpath:org/apache/tapestry5/t5-spi.js, classpath:org/apache/tapestry5/t5-prototype.js, classpath:org/apache/tapestry5/t5-init.js, classpath:org/apache/tapestry5/t5-pubsub.js, classpath:org/apache/tapestry5/t5-events.js, classpath:org/apache/tapestry5/t5-dom.js, classpath:org/apache/tapestry5/t5-console.js, classpath:org/apache/tapestry5/t5-ajax.js, classpath:org/apache/tapestry5/t5-formfragment.js, classpath:org/apache/tapestry5/t5-alerts.js, classpath:org/apache/tapestry5/tapestry.js, classpath:org/apache/tapestry5/tapestry-console.js, classpath:org/apache/tapestry5/tree.js, classpath:org/apache/tapestry5/tapestry-messages.js (353,818 input bytes of JavaScript to 159,577 output bytes in 1365.60 ms, 54.90% reduction)
16:55:17.181 INFO - Got result: OK on session 2ac5307ef388407eb56b2fb05f72d313
16:55:17.186 INFO - Command request: waitForPageToLoad[15000, ] on session 2ac5307ef388407eb56b2fb05f72d313
16:55:17.195 INFO - Got result: OK on session 2ac5307ef388407eb56b2fb05f72d313
16:55:17.198 INFO - Command request: type[id=username, cordenier] on session 2ac5307ef388407eb56b2fb05f72d313
16:55:17.209 INFO - Got result: OK on session 2ac5307ef388407eb56b2fb05f72d313
16:55:17.213 INFO - Command request: type[id=password, cordenier] on session 2ac5307ef388407eb56b2fb05f72d313
16:55:17.230 INFO - Got result: OK on session 2ac5307ef388407eb56b2fb05f72d313
16:55:17.234 INFO - Command request: click[//form[@id=&apos;loginForm&apos;]//input[@type=&apos;submit&apos;], ] on session 2ac5307ef388407eb56b2fb05f72d313
16:55:17.285 INFO - Got result: ERROR: Invalid xpath [2]: //form[@id=&apos;loginForm&apos;]//input[@type=&apos;submit&apos;] on session 2ac5307ef388407eb56b2fb05f72d313
16:55:17.288 INFO - Command request: getHtmlSource[, ] on session 2ac5307ef388407eb56b2fb05f72d313
16:55:17.304 INFO - Got result: [HTML source] on session 2ac5307ef388407eb56b2fb05f72d313
16:55:17.308 INFO - Command request: captureEntirePageScreenshot[/Users/eochoa/Documents/workspace_ok/rh/target/surefire-reports/tapestry5-hotel-booking Application Test Suite/BookHotelTest.signin.png, background=white] on session 2ac5307ef388407eb56b2fb05f72d313
16:55:17.425 INFO - Got result: [base64 encoded PNG] on session 2ac5307ef388407eb56b2fb05f72d313
</system-out>
    <system-err>***
*** Class org.apache.tapestry5.test.SeleniumLauncher is not longer used, and may be
*** removed from testng.xml.
***
Starting SeleniumTestCase:
    currentDir: /Users/eochoa/Documents/workspace_ok/rh
  webAppFolder: src/main/webapp
     container: jetty7
   contextPath: 
         ports: 9090 / 8443
  browserStart: *firefox
       baseURL: http://localhost:9090/
**********************************************************************
Selenium failure processing command click(&quot;//form[@id=&apos;loginForm&apos;]//input[@type=&apos;submit&apos;]&quot;): com.thoughtworks.selenium.SeleniumException: ERROR: Invalid xpath [2]: //form[@id=&apos;loginForm&apos;]//input[@type=&apos;submit&apos;]**********************************************************************
Writing current page&apos;s HTML source to: /Users/eochoa/Documents/workspace_ok/rh/target/surefire-reports/tapestry5-hotel-booking Application Test Suite/BookHotelTest.signin.html
Writing current page screenshot to: /Users/eochoa/Documents/workspace_ok/rh/target/surefire-reports/tapestry5-hotel-booking Application Test Suite/BookHotelTest.signin.png
</system-err>
  </testcase>
  <testcase time="0.451" classname="mx.com.easd.test.integration.BookHotelTest" name="bookProcess">
    <failure message="expected:&lt;true&gt; but was:&lt;false&gt;" type="java.lang.AssertionError">java.lang.AssertionError: expected:&lt;true&gt; but was:&lt;false&gt;
	at org.testng.Assert.fail(Assert.java:89)
	at org.testng.Assert.failNotEquals(Assert.java:480)
	at org.testng.Assert.assertTrue(Assert.java:37)
	at org.testng.Assert.assertTrue(Assert.java:47)
	at mx.com.easd.test.integration.BookHotelTest.bookProcess(BookHotelTest.java:37)
</failure>
    <system-out>16:55:17.436 INFO - Command request: setContext[BookHotelTest: bookProcess, ] on session 2ac5307ef388407eb56b2fb05f72d313
16:55:17.441 INFO - Got result: OK on session 2ac5307ef388407eb56b2fb05f72d313
16:55:17.444 INFO - Command request: open[/view/1, ] on session 2ac5307ef388407eb56b2fb05f72d313
16:55:17.851 INFO - Got result: OK on session 2ac5307ef388407eb56b2fb05f72d313
16:55:17.854 INFO - Command request: waitForPageToLoad[15000, ] on session 2ac5307ef388407eb56b2fb05f72d313
16:55:17.866 INFO - Got result: OK on session 2ac5307ef388407eb56b2fb05f72d313
16:55:17.868 INFO - Command request: isTextPresent[Marriott Courtyard, ] on session 2ac5307ef388407eb56b2fb05f72d313
16:55:17.892 INFO - Got result: OK,false on session 2ac5307ef388407eb56b2fb05f72d313
</system-out>
  </testcase>
  <testcase time="0.738" classname="mx.com.easd.test.integration.BookHotelTest" name="logout">
    <failure message="Authenticated user should be able to logout expected:&lt;true&gt; but was:&lt;false&gt;" type="java.lang.AssertionError">java.lang.AssertionError: Authenticated user should be able to logout expected:&lt;true&gt; but was:&lt;false&gt;
	at org.testng.Assert.fail(Assert.java:89)
	at org.testng.Assert.failNotEquals(Assert.java:480)
	at org.testng.Assert.assertTrue(Assert.java:37)
	at mx.com.easd.test.integration.BookHotelTest.logout(BookHotelTest.java:70)
</failure>
    <system-out>16:55:17.896 INFO - Command request: setContext[BookHotelTest: logout, ] on session 2ac5307ef388407eb56b2fb05f72d313
16:55:17.931 INFO - Got result: OK on session 2ac5307ef388407eb56b2fb05f72d313
16:55:17.934 INFO - Command request: open[/search, ] on session 2ac5307ef388407eb56b2fb05f72d313
16:55:18.637 INFO - Got result: OK on session 2ac5307ef388407eb56b2fb05f72d313
16:55:18.640 INFO - Command request: waitForPageToLoad[15000, ] on session 2ac5307ef388407eb56b2fb05f72d313
16:55:18.659 INFO - Got result: OK on session 2ac5307ef388407eb56b2fb05f72d313
16:55:18.661 INFO - Command request: isElementPresent[id=logout, ] on session 2ac5307ef388407eb56b2fb05f72d313
16:55:18.667 INFO - Got result: OK,false on session 2ac5307ef388407eb56b2fb05f72d313
</system-out>
  </testcase>
  <testcase time="0.408" classname="mx.com.easd.test.integration.SearchPageTest" name="signin">
    <failure message="ERROR: Invalid xpath [2]: //form[@id=&apos;loginForm&apos;]//input[@type=&apos;submit&apos;]" type="com.thoughtworks.selenium.SeleniumException">com.thoughtworks.selenium.SeleniumException: ERROR: Invalid xpath [2]: //form[@id=&apos;loginForm&apos;]//input[@type=&apos;submit&apos;]
	at com.thoughtworks.selenium.HttpCommandProcessor.throwAssertionFailureExceptionOrError(HttpCommandProcessor.java:112)
	at com.thoughtworks.selenium.HttpCommandProcessor.doCommand(HttpCommandProcessor.java:106)
	at org.apache.tapestry5.test.ErrorReportingCommandProcessor.doCommand(ErrorReportingCommandProcessor.java:69)
	at com.thoughtworks.selenium.DefaultSelenium.click(DefaultSelenium.java:193)
	at org.apache.tapestry5.test.SeleniumTestCase.click(SeleniumTestCase.java:488)
	at mx.com.easd.test.integration.SearchPageTest.signin(SearchPageTest.java:21)
</failure>
    <system-out>16:55:18.675 INFO - Command request: setContext[SearchPageTest: signin, ] on session 2ac5307ef388407eb56b2fb05f72d313
16:55:18.680 INFO - Got result: OK on session 2ac5307ef388407eb56b2fb05f72d313
16:55:18.684 INFO - Command request: open[/signin, ] on session 2ac5307ef388407eb56b2fb05f72d313
16:55:18.810 INFO - Got result: OK on session 2ac5307ef388407eb56b2fb05f72d313
16:55:18.813 INFO - Command request: waitForPageToLoad[15000, ] on session 2ac5307ef388407eb56b2fb05f72d313
16:55:18.821 INFO - Got result: OK on session 2ac5307ef388407eb56b2fb05f72d313
16:55:18.824 INFO - Command request: type[id=username, cordenier] on session 2ac5307ef388407eb56b2fb05f72d313
16:55:18.830 INFO - Got result: OK on session 2ac5307ef388407eb56b2fb05f72d313
16:55:18.833 INFO - Command request: type[id=password, cordenier] on session 2ac5307ef388407eb56b2fb05f72d313
16:55:18.848 INFO - Got result: OK on session 2ac5307ef388407eb56b2fb05f72d313
16:55:18.852 INFO - Command request: click[//form[@id=&apos;loginForm&apos;]//input[@type=&apos;submit&apos;], ] on session 2ac5307ef388407eb56b2fb05f72d313
16:55:18.858 INFO - Got result: ERROR: Invalid xpath [2]: //form[@id=&apos;loginForm&apos;]//input[@type=&apos;submit&apos;] on session 2ac5307ef388407eb56b2fb05f72d313
16:55:18.861 INFO - Command request: getHtmlSource[, ] on session 2ac5307ef388407eb56b2fb05f72d313
16:55:18.870 INFO - Got result: [HTML source] on session 2ac5307ef388407eb56b2fb05f72d313
16:55:18.877 INFO - Command request: captureEntirePageScreenshot[/Users/eochoa/Documents/workspace_ok/rh/target/surefire-reports/tapestry5-hotel-booking Application Test Suite/SearchPageTest.signin.png, background=white] on session 2ac5307ef388407eb56b2fb05f72d313
16:55:19.087 INFO - Got result: [base64 encoded PNG] on session 2ac5307ef388407eb56b2fb05f72d313
</system-out>
    <system-err>**********************************************************************
Selenium failure processing command click(&quot;//form[@id=&apos;loginForm&apos;]//input[@type=&apos;submit&apos;]&quot;): com.thoughtworks.selenium.SeleniumException: ERROR: Invalid xpath [2]: //form[@id=&apos;loginForm&apos;]//input[@type=&apos;submit&apos;]**********************************************************************
Writing current page&apos;s HTML source to: /Users/eochoa/Documents/workspace_ok/rh/target/surefire-reports/tapestry5-hotel-booking Application Test Suite/SearchPageTest.signin.html
Writing current page screenshot to: /Users/eochoa/Documents/workspace_ok/rh/target/surefire-reports/tapestry5-hotel-booking Application Test Suite/SearchPageTest.signin.png
</system-err>
  </testcase>
  <testcase time="0.3" classname="mx.com.easd.test.integration.SearchPageTest" name="wildcardSearch">
    <failure message="ERROR: Element query not found" type="com.thoughtworks.selenium.SeleniumException">com.thoughtworks.selenium.SeleniumException: ERROR: Element query not found
	at com.thoughtworks.selenium.HttpCommandProcessor.throwAssertionFailureExceptionOrError(HttpCommandProcessor.java:112)
	at com.thoughtworks.selenium.HttpCommandProcessor.doCommand(HttpCommandProcessor.java:106)
	at org.apache.tapestry5.test.ErrorReportingCommandProcessor.doCommand(ErrorReportingCommandProcessor.java:69)
	at com.thoughtworks.selenium.DefaultSelenium.type(DefaultSelenium.java:317)
	at org.apache.tapestry5.test.SeleniumTestCase.type(SeleniumTestCase.java:1118)
	at mx.com.easd.test.integration.SearchPageTest.wildcardSearch(SearchPageTest.java:37)
</failure>
    <system-out>16:55:19.092 INFO - Command request: setContext[SearchPageTest: wildcardSearch, ] on session 2ac5307ef388407eb56b2fb05f72d313
16:55:19.097 INFO - Got result: OK on session 2ac5307ef388407eb56b2fb05f72d313
16:55:19.099 INFO - Command request: open[/search, ] on session 2ac5307ef388407eb56b2fb05f72d313
16:55:19.285 INFO - Got result: OK on session 2ac5307ef388407eb56b2fb05f72d313
16:55:19.287 INFO - Command request: waitForPageToLoad[15000, ] on session 2ac5307ef388407eb56b2fb05f72d313
16:55:19.293 INFO - Got result: OK on session 2ac5307ef388407eb56b2fb05f72d313
16:55:19.295 INFO - Command request: type[query, *] on session 2ac5307ef388407eb56b2fb05f72d313
16:55:19.301 INFO - Got result: ERROR: Element query not found on session 2ac5307ef388407eb56b2fb05f72d313
16:55:19.306 INFO - Command request: getHtmlSource[, ] on session 2ac5307ef388407eb56b2fb05f72d313
16:55:19.312 INFO - Got result: [HTML source] on session 2ac5307ef388407eb56b2fb05f72d313
16:55:19.315 INFO - Command request: captureEntirePageScreenshot[/Users/eochoa/Documents/workspace_ok/rh/target/surefire-reports/tapestry5-hotel-booking Application Test Suite/SearchPageTest.wildcardSearch.png, background=white] on session 2ac5307ef388407eb56b2fb05f72d313
16:55:19.395 INFO - Got result: [base64 encoded PNG] on session 2ac5307ef388407eb56b2fb05f72d313
</system-out>
    <system-err>**********************************************************************
Selenium failure processing command type(&quot;query&quot;, &quot;*&quot;): com.thoughtworks.selenium.SeleniumException: ERROR: Element query not found**********************************************************************
Writing current page&apos;s HTML source to: /Users/eochoa/Documents/workspace_ok/rh/target/surefire-reports/tapestry5-hotel-booking Application Test Suite/SearchPageTest.wildcardSearch.html
Writing current page screenshot to: /Users/eochoa/Documents/workspace_ok/rh/target/surefire-reports/tapestry5-hotel-booking Application Test Suite/SearchPageTest.wildcardSearch.png
</system-err>
  </testcase>
  <testcase time="0.294" classname="mx.com.easd.test.integration.SearchPageTest" name="changePagePerResult">
    <failure message="ERROR: Element query not found" type="com.thoughtworks.selenium.SeleniumException">com.thoughtworks.selenium.SeleniumException: ERROR: Element query not found
	at com.thoughtworks.selenium.HttpCommandProcessor.throwAssertionFailureExceptionOrError(HttpCommandProcessor.java:112)
	at com.thoughtworks.selenium.HttpCommandProcessor.doCommand(HttpCommandProcessor.java:106)
	at org.apache.tapestry5.test.ErrorReportingCommandProcessor.doCommand(ErrorReportingCommandProcessor.java:69)
	at com.thoughtworks.selenium.DefaultSelenium.type(DefaultSelenium.java:317)
	at org.apache.tapestry5.test.SeleniumTestCase.type(SeleniumTestCase.java:1118)
	at mx.com.easd.test.integration.SearchPageTest.changePagePerResult(SearchPageTest.java:55)
</failure>
    <system-out>16:55:19.401 INFO - Command request: setContext[SearchPageTest: changePagePerResult, ] on session 2ac5307ef388407eb56b2fb05f72d313
16:55:19.408 INFO - Got result: OK on session 2ac5307ef388407eb56b2fb05f72d313
16:55:19.410 INFO - Command request: open[/search, ] on session 2ac5307ef388407eb56b2fb05f72d313
16:55:19.573 INFO - Got result: OK on session 2ac5307ef388407eb56b2fb05f72d313
16:55:19.575 INFO - Command request: waitForPageToLoad[15000, ] on session 2ac5307ef388407eb56b2fb05f72d313
16:55:19.580 INFO - Got result: OK on session 2ac5307ef388407eb56b2fb05f72d313
16:55:19.582 INFO - Command request: type[query, *] on session 2ac5307ef388407eb56b2fb05f72d313
16:55:19.587 INFO - Got result: ERROR: Element query not found on session 2ac5307ef388407eb56b2fb05f72d313
16:55:19.590 INFO - Command request: getHtmlSource[, ] on session 2ac5307ef388407eb56b2fb05f72d313
16:55:19.596 INFO - Got result: [HTML source] on session 2ac5307ef388407eb56b2fb05f72d313
16:55:19.599 INFO - Command request: captureEntirePageScreenshot[/Users/eochoa/Documents/workspace_ok/rh/target/surefire-reports/tapestry5-hotel-booking Application Test Suite/SearchPageTest.changePagePerResult.png, background=white] on session 2ac5307ef388407eb56b2fb05f72d313
16:55:19.700 INFO - Got result: [base64 encoded PNG] on session 2ac5307ef388407eb56b2fb05f72d313
</system-out>
    <system-err>**********************************************************************
Selenium failure processing command type(&quot;query&quot;, &quot;*&quot;): com.thoughtworks.selenium.SeleniumException: ERROR: Element query not found**********************************************************************
Writing current page&apos;s HTML source to: /Users/eochoa/Documents/workspace_ok/rh/target/surefire-reports/tapestry5-hotel-booking Application Test Suite/SearchPageTest.changePagePerResult.html
Writing current page screenshot to: /Users/eochoa/Documents/workspace_ok/rh/target/surefire-reports/tapestry5-hotel-booking Application Test Suite/SearchPageTest.changePagePerResult.png
</system-err>
  </testcase>
  <testcase time="0.169" classname="mx.com.easd.test.integration.SearchPageTest" name="logout">
    <failure message="Authenticated user should be able to logout expected:&lt;true&gt; but was:&lt;false&gt;" type="java.lang.AssertionError">java.lang.AssertionError: Authenticated user should be able to logout expected:&lt;true&gt; but was:&lt;false&gt;
	at org.testng.Assert.fail(Assert.java:89)
	at org.testng.Assert.failNotEquals(Assert.java:480)
	at org.testng.Assert.assertTrue(Assert.java:37)
	at mx.com.easd.test.integration.SearchPageTest.logout(SearchPageTest.java:69)
</failure>
    <system-out>16:55:19.705 INFO - Command request: setContext[SearchPageTest: logout, ] on session 2ac5307ef388407eb56b2fb05f72d313
16:55:19.710 INFO - Got result: OK on session 2ac5307ef388407eb56b2fb05f72d313
16:55:19.712 INFO - Command request: open[/search, ] on session 2ac5307ef388407eb56b2fb05f72d313
16:55:19.865 INFO - Got result: OK on session 2ac5307ef388407eb56b2fb05f72d313
16:55:19.867 INFO - Command request: waitForPageToLoad[15000, ] on session 2ac5307ef388407eb56b2fb05f72d313
16:55:19.872 INFO - Got result: OK on session 2ac5307ef388407eb56b2fb05f72d313
16:55:19.873 INFO - Command request: isElementPresent[id=logout, ] on session 2ac5307ef388407eb56b2fb05f72d313
16:55:19.877 INFO - Got result: OK,false on session 2ac5307ef388407eb56b2fb05f72d313
</system-out>
  </testcase>
</testsuite>